mode: set
github.com/viviviviviid/go-coin/utils/utils.go:16.27,17.16 1 1
github.com/viviviviviid/go-coin/utils/utils.go:17.16,19.3 1 1
github.com/viviviviviid/go-coin/utils/utils.go:22.36,27.2 4 1
github.com/viviviviviid/go-coin/utils/utils.go:30.44,33.2 2 1
github.com/viviviviviid/go-coin/utils/utils.go:36.33,40.2 3 1
github.com/viviviviviid/go-coin/utils/utils.go:42.55,44.22 2 1
github.com/viviviviviid/go-coin/utils/utils.go:44.22,46.3 1 1
github.com/viviviviviid/go-coin/utils/utils.go:47.2,47.17 1 1
github.com/viviviviviid/go-coin/utils/utils.go:50.35,54.2 3 1
github.com/viviviviviid/go-coin/wallet/wallet.go:27.27,30.2 2 0
github.com/viviviviviid/go-coin/wallet/wallet.go:32.41,36.2 3 0
github.com/viviviviviid/go-coin/wallet/wallet.go:38.40,43.2 4 0
github.com/viviviviviid/go-coin/wallet/wallet.go:45.43,52.2 5 0
github.com/viviviviviid/go-coin/wallet/wallet.go:54.40,57.2 2 1
github.com/viviviviviid/go-coin/wallet/wallet.go:59.43,61.2 1 1
github.com/viviviviviid/go-coin/wallet/wallet.go:63.45,69.2 5 1
github.com/viviviviviid/go-coin/wallet/wallet.go:71.65,73.16 2 1
github.com/viviviviviid/go-coin/wallet/wallet.go:73.16,75.3 1 0
github.com/viviviviviid/go-coin/wallet/wallet.go:76.2,81.26 6 1
github.com/viviviviviid/go-coin/wallet/wallet.go:84.54,98.2 9 1
github.com/viviviviviid/go-coin/wallet/wallet.go:100.23,101.14 1 0
github.com/viviviviviid/go-coin/wallet/wallet.go:101.14,105.22 2 0
github.com/viviviviviid/go-coin/wallet/wallet.go:105.22,109.4 1 0
github.com/viviviviviid/go-coin/wallet/wallet.go:109.9,114.4 3 0
github.com/viviviviviid/go-coin/wallet/wallet.go:115.3,115.35 1 0
github.com/viviviviviid/go-coin/wallet/wallet.go:118.2,118.10 1 0
