mode: set
github.com/viviviviviid/go-coin/utils/utils.go:16.27,17.16 1 1
github.com/viviviviviid/go-coin/utils/utils.go:17.16,19.3 1 1
github.com/viviviviviid/go-coin/utils/utils.go:22.36,27.2 4 1
github.com/viviviviviid/go-coin/utils/utils.go:30.44,33.2 2 1
github.com/viviviviviid/go-coin/utils/utils.go:36.33,40.2 3 1
github.com/viviviviviid/go-coin/utils/utils.go:42.55,44.22 2 1
github.com/viviviviviid/go-coin/utils/utils.go:44.22,46.3 1 1
github.com/viviviviviid/go-coin/utils/utils.go:47.2,47.17 1 1
github.com/viviviviviid/go-coin/utils/utils.go:50.35,54.2 3 1
github.com/viviviviviid/go-coin/blockchain/block.go:22.29,24.2 1 0
github.com/viviviviviid/go-coin/blockchain/block.go:28.38,30.2 1 0
github.com/viviviviviid/go-coin/blockchain/block.go:32.45,34.23 2 0
github.com/viviviviviid/go-coin/blockchain/block.go:34.23,36.3 1 0
github.com/viviviviviid/go-coin/blockchain/block.go:37.2,39.19 3 0
github.com/viviviviviid/go-coin/blockchain/block.go:42.24,44.6 2 0
github.com/viviviviviid/go-coin/blockchain/block.go:44.6,47.38 3 0
github.com/viviviviviid/go-coin/blockchain/block.go:47.38,49.9 2 0
github.com/viviviviviid/go-coin/blockchain/block.go:50.9,52.4 1 0
github.com/viviviviviid/go-coin/blockchain/block.go:56.60,69.2 5 0
github.com/viviviviviid/go-coin/blockchain/chain.go:29.43,31.2 1 0
github.com/viviviviviid/go-coin/blockchain/chain.go:33.39,35.2 1 0
github.com/viviviviviid/go-coin/blockchain/chain.go:37.40,44.2 6 0
github.com/viviviviviid/go-coin/blockchain/chain.go:46.37,51.6 5 0
github.com/viviviviviid/go-coin/blockchain/chain.go:51.6,54.27 3 0
github.com/viviviviviid/go-coin/blockchain/chain.go:54.27,56.4 1 0
github.com/viviviviviid/go-coin/blockchain/chain.go:56.9,57.9 1 0
github.com/viviviviviid/go-coin/blockchain/chain.go:60.2,60.15 1 0
github.com/viviviviviid/go-coin/blockchain/chain.go:63.31,65.34 2 0
github.com/viviviviviid/go-coin/blockchain/chain.go:65.34,67.3 1 0
github.com/viviviviviid/go-coin/blockchain/chain.go:68.2,68.12 1 0
github.com/viviviviviid/go-coin/blockchain/chain.go:71.49,72.28 1 0
github.com/viviviviviid/go-coin/blockchain/chain.go:72.28,73.24 1 0
github.com/viviviviviid/go-coin/blockchain/chain.go:73.24,75.4 1 0
github.com/viviviviviid/go-coin/blockchain/chain.go:77.2,77.12 1 0
github.com/viviviviviid/go-coin/blockchain/chain.go:80.47,86.49 6 0
github.com/viviviviviid/go-coin/blockchain/chain.go:86.49,88.3 1 0
github.com/viviviviviid/go-coin/blockchain/chain.go:88.8,88.56 1 0
github.com/viviviviviid/go-coin/blockchain/chain.go:88.56,90.3 1 0
github.com/viviviviviid/go-coin/blockchain/chain.go:91.2,91.28 1 0
github.com/viviviviviid/go-coin/blockchain/chain.go:94.39,95.19 1 0
github.com/viviviviviid/go-coin/blockchain/chain.go:95.19,97.3 1 0
github.com/viviviviviid/go-coin/blockchain/chain.go:97.8,97.45 1 0
github.com/viviviviviid/go-coin/blockchain/chain.go:97.45,101.3 1 0
github.com/viviviviviid/go-coin/blockchain/chain.go:101.8,103.3 1 0
github.com/viviviviviid/go-coin/blockchain/chain.go:107.64,110.34 3 0
github.com/viviviviviid/go-coin/blockchain/chain.go:110.34,111.40 1 0
github.com/viviviviviid/go-coin/blockchain/chain.go:111.40,112.35 1 0
github.com/viviviviviid/go-coin/blockchain/chain.go:112.35,113.38 1 0
github.com/viviviviviid/go-coin/blockchain/chain.go:113.38,114.11 1 0
github.com/viviviviviid/go-coin/blockchain/chain.go:116.5,116.69 1 0
github.com/viviviviviid/go-coin/blockchain/chain.go:116.69,118.6 1 0
github.com/viviviviviid/go-coin/blockchain/chain.go:120.4,120.41 1 0
github.com/viviviviviid/go-coin/blockchain/chain.go:120.41,121.34 1 0
github.com/viviviviviid/go-coin/blockchain/chain.go:121.34,122.41 1 0
github.com/viviviviviid/go-coin/blockchain/chain.go:122.41,125.31 2 0
github.com/viviviviviid/go-coin/blockchain/chain.go:125.31,127.8 1 0
github.com/viviviviviid/go-coin/blockchain/chain.go:134.2,134.16 1 0
github.com/viviviviviid/go-coin/blockchain/chain.go:137.58,141.31 3 0
github.com/viviviviviid/go-coin/blockchain/chain.go:141.31,143.3 1 0
github.com/viviviviviid/go-coin/blockchain/chain.go:144.2,144.15 1 0
github.com/viviviviviid/go-coin/blockchain/chain.go:147.31,148.17 1 0
github.com/viviviviviid/go-coin/blockchain/chain.go:148.17,154.24 3 0
github.com/viviviviviid/go-coin/blockchain/chain.go:154.24,156.4 1 0
github.com/viviviviviid/go-coin/blockchain/chain.go:156.9,160.4 1 0
github.com/viviviviviid/go-coin/blockchain/chain.go:162.2,162.10 1 0
github.com/viviviviviid/go-coin/blockchain/chain.go:165.52,169.2 3 0
github.com/viviviviviid/go-coin/blockchain/chain.go:171.50,179.34 8 0
github.com/viviviviviid/go-coin/blockchain/chain.go:179.34,181.3 1 0
github.com/viviviviviid/go-coin/blockchain/chain.go:184.52,197.42 10 0
github.com/viviviviviid/go-coin/blockchain/chain.go:197.42,199.9 2 0
github.com/viviviviviid/go-coin/blockchain/chain.go:199.9,201.4 1 0
github.com/viviviviviid/go-coin/blockchain/transactions.go:27.25,28.20 1 0
github.com/viviviviviid/go-coin/blockchain/transactions.go:28.20,32.3 1 0
github.com/viviviviviid/go-coin/blockchain/transactions.go:33.2,33.10 1 0
github.com/viviviviviid/go-coin/blockchain/transactions.go:62.22,64.2 1 0
github.com/viviviviviid/go-coin/blockchain/transactions.go:67.21,68.31 1 0
github.com/viviviviviid/go-coin/blockchain/transactions.go:68.31,70.3 1 0
github.com/viviviviviid/go-coin/blockchain/transactions.go:76.28,78.32 2 0
github.com/viviviviviid/go-coin/blockchain/transactions.go:78.32,80.20 2 0
github.com/viviviviviid/go-coin/blockchain/transactions.go:80.20,82.9 2 0
github.com/viviviviviid/go-coin/blockchain/transactions.go:84.3,86.13 3 0
github.com/viviviviviid/go-coin/blockchain/transactions.go:86.13,87.9 1 0
github.com/viviviviviid/go-coin/blockchain/transactions.go:90.2,90.14 1 0
github.com/viviviviviid/go-coin/blockchain/transactions.go:94.39,98.35 2 0
github.com/viviviviviid/go-coin/blockchain/transactions.go:98.35,99.34 1 0
github.com/viviviviviid/go-coin/blockchain/transactions.go:99.34,100.64 1 0
github.com/viviviviviid/go-coin/blockchain/transactions.go:100.64,102.16 2 0
github.com/viviviviviid/go-coin/blockchain/transactions.go:106.2,106.15 1 0
github.com/viviviviviid/go-coin/blockchain/transactions.go:111.41,126.2 5 0
github.com/viviviviviid/go-coin/blockchain/transactions.go:132.55,133.51 1 0
github.com/viviviviviid/go-coin/blockchain/transactions.go:133.51,135.3 1 0
github.com/viviviviviid/go-coin/blockchain/transactions.go:136.2,140.33 5 0
github.com/viviviviviid/go-coin/blockchain/transactions.go:140.33,141.22 1 0
github.com/viviviviviid/go-coin/blockchain/transactions.go:141.22,142.9 1 0
github.com/viviviviviid/go-coin/blockchain/transactions.go:144.3,146.25 3 0
github.com/viviviviviid/go-coin/blockchain/transactions.go:148.2,148.43 1 0
github.com/viviviviviid/go-coin/blockchain/transactions.go:148.43,151.3 2 0
github.com/viviviviviid/go-coin/blockchain/transactions.go:152.2,163.12 7 0
github.com/viviviviviid/go-coin/blockchain/transactions.go:163.12,165.3 1 0
github.com/viviviviviid/go-coin/blockchain/transactions.go:166.2,166.16 1 0
github.com/viviviviviid/go-coin/blockchain/transactions.go:170.61,172.16 2 0
github.com/viviviviviid/go-coin/blockchain/transactions.go:172.16,174.3 1 0
github.com/viviviviviid/go-coin/blockchain/transactions.go:175.2,176.16 2 0
github.com/viviviviviid/go-coin/blockchain/transactions.go:180.39,183.27 3 0
github.com/viviviviviid/go-coin/blockchain/transactions.go:183.27,185.3 1 0
github.com/viviviviviid/go-coin/blockchain/transactions.go:186.2,188.12 3 0
github.com/viviviviviid/go-coin/blockchain/transactions.go:191.37,195.2 3 0
github.com/viviviviviid/go-coin/wallet/wallet.go:29.35,32.2 2 0
github.com/viviviviviid/go-coin/wallet/wallet.go:34.74,36.2 1 0
github.com/viviviviviid/go-coin/wallet/wallet.go:38.52,40.2 1 0
github.com/viviviviviid/go-coin/wallet/wallet.go:51.41,55.2 3 1
github.com/viviviviviid/go-coin/wallet/wallet.go:57.40,62.2 4 1
github.com/viviviviviid/go-coin/wallet/wallet.go:64.43,71.2 5 1
github.com/viviviviviid/go-coin/wallet/wallet.go:73.40,76.2 2 1
github.com/viviviviviid/go-coin/wallet/wallet.go:78.43,80.2 1 1
github.com/viviviviviid/go-coin/wallet/wallet.go:82.45,88.2 5 1
github.com/viviviviviid/go-coin/wallet/wallet.go:90.65,92.16 2 1
github.com/viviviviviid/go-coin/wallet/wallet.go:92.16,94.3 1 1
github.com/viviviviviid/go-coin/wallet/wallet.go:95.2,100.26 6 1
github.com/viviviviviid/go-coin/wallet/wallet.go:103.54,117.2 9 1
github.com/viviviviviid/go-coin/wallet/wallet.go:119.23,120.14 1 1
github.com/viviviviviid/go-coin/wallet/wallet.go:120.14,124.28 2 1
github.com/viviviviviid/go-coin/wallet/wallet.go:124.28,128.4 1 1
github.com/viviviviviid/go-coin/wallet/wallet.go:128.9,133.4 3 1
github.com/viviviviviid/go-coin/wallet/wallet.go:134.3,134.35 1 1
github.com/viviviviviid/go-coin/wallet/wallet.go:137.2,137.10 1 1
